<?xml version="1.0" encoding="UTF-8"?>
<!-- Generated by org.testng.reporters.JUnitReportReporter -->
<testsuite hostname="shah4corp" failures="0" tests="1" name="com.Practice.Selenium072024.Sun1105Demo" time="10.999" errors="0" timestamp="2024-07-24T15:05:47 IST" skipped="0">
  <testcase classname="com.Practice.Selenium072024.Sun1105Demo" name="test" time="10.999"/>
</testsuite> <!-- com.Practice.Selenium072024.Sun1105Demo -->
