<?xml version="1.0" encoding="UTF-8"?>
<!-- Generated by org.testng.reporters.JUnitReportReporter -->
<testsuite hostname="shah4corp" failures="0" tests="1" name="com.Practice.Selenium062024.ToolTipPractice1" time="9.425" errors="0" timestamp="2024-07-01T21:53:01 IST" skipped="0">
  <testcase classname="com.Practice.Selenium062024.ToolTipPractice1" name="validateToolTip" time="9.425"/>
</testsuite> <!-- com.Practice.Selenium062024.ToolTipPractice1 -->
