<?xml version="1.0" encoding="UTF-8"?>
<!-- Generated by org.testng.reporters.JUnitReportReporter -->
<testsuite hostname="shah4corp" failures="0" tests="1" name="com.Practice.Selenium062025.Practice23062025" time="4.866" errors="0" timestamp="2025-06-23T22:05:14 IST" skipped="0">
  <testcase classname="com.Practice.Selenium062025.Practice23062025" name="program" time="4.866"/>
</testsuite> <!-- com.Practice.Selenium062025.Practice23062025 -->
