<?xml version="1.0" encoding="UTF-8"?>
<!-- Generated by org.testng.reporters.JUnitReportReporter -->
<testsuite hostname="shah4corp" failures="0" tests="1" name="com.Practice.Selenium082024.DemoGuru150824" time="7.539" errors="0" timestamp="2024-08-15T20:58:14 IST" skipped="0">
  <testcase classname="com.Practice.Selenium082024.DemoGuru150824" name="appTest" time="7.539"/>
</testsuite> <!-- com.Practice.Selenium082024.DemoGuru150824 -->
