<?xml version="1.0" encoding="UTF-8"?>
<!-- Generated by org.testng.reporters.JUnitReportReporter -->
<testsuite hostname="shah4corp" failures="0" tests="2" name="com.Practice.Selenium072024.DemoGuru2807" time="7.920" errors="0" timestamp="2024-08-02T23:00:59 IST" skipped="0">
  <testcase classname="com.Practice.Selenium072024.DemoGuru2807" name="test" time="7.918"/>
  <testcase classname="com.Practice.Selenium072024.DemoGuru2807" name="testMethod1" time="0.002"/>
</testsuite> <!-- com.Practice.Selenium072024.DemoGuru2807 -->
