<?xml version="1.0" encoding="UTF-8"?>
<!-- Generated by org.testng.reporters.JUnitReportReporter -->
<testsuite hostname="shah4corp" failures="0" tests="1" name="com.Practice.Selenium072024.DemoGuru290724" time="10.018" errors="0" timestamp="2024-08-02T21:27:29 IST" skipped="0">
  <testcase classname="com.Practice.Selenium072024.DemoGuru290724" name="LoggingInToApplication" time="10.018"/>
</testsuite> <!-- com.Practice.Selenium072024.DemoGuru290724 -->
