<?xml version="1.0" encoding="UTF-8"?>
<!-- Generated by org.testng.reporters.JUnitReportReporter -->
<testsuite hostname="shah4corp" failures="0" tests="1" name="com.Practice.Selenium072024.SelectDropDown" time="11.310" errors="0" timestamp="2024-07-07T03:03:33 IST" skipped="0">
  <testcase classname="com.Practice.Selenium072024.SelectDropDown" name="selectDropDown" time="11.310"/>
</testsuite> <!-- com.Practice.Selenium072024.SelectDropDown -->
