<?xml version="1.0" encoding="UTF-8"?>
<!-- Generated by org.testng.reporters.JUnitReportReporter -->
<testsuite hostname="shah4corp" failures="0" tests="1" name="com.Practice.Selenium032025.plan2206" time="12.345" errors="0" timestamp="2025-06-22T22:05:30 IST" skipped="0">
  <testcase classname="com.Practice.Selenium032025.plan2206" name="launchBrowser" time="12.345"/>
</testsuite> <!-- com.Practice.Selenium032025.plan2206 -->
