<?xml version="1.0" encoding="UTF-8"?>
<!-- Generated by org.testng.reporters.JUnitReportReporter -->
<testsuite hostname="shah4corp" failures="0" tests="1" name="com.Practice.Selenium072024.SelectDropDown" time="16.465" errors="0" timestamp="2024-07-07T02:05:28 IST" skipped="0">
  <testcase classname="com.Practice.Selenium072024.SelectDropDown" name="selectDropDown" time="16.465"/>
</testsuite> <!-- com.Practice.Selenium072024.SelectDropDown -->
