<?xml version="1.0" encoding="UTF-8"?>
<!-- Generated by org.testng.reporters.JUnitReportReporter -->
<testsuite hostname="shah4corp" failures="0" tests="1" name="com.Practice.Selenium072024.SelectDropDown" time="9.939" errors="0" timestamp="2024-07-06T11:59:57 IST" skipped="0">
  <testcase classname="com.Practice.Selenium072024.SelectDropDown" name="selectDropDown" time="9.939"/>
</testsuite> <!-- com.Practice.Selenium072024.SelectDropDown -->
