<?xml version="1.0" encoding="UTF-8"?>
<!-- Generated by org.testng.reporters.JUnitReportReporter -->
<testsuite hostname="shah4corp" failures="0" tests="1" name="com.Practice.Selenium072024.DemoGuru2807" time="31.157" errors="0" timestamp="2024-07-28T19:04:25 IST" skipped="0">
  <testcase classname="com.Practice.Selenium072024.DemoGuru2807" name="test" time="31.157"/>
</testsuite> <!-- com.Practice.Selenium072024.DemoGuru2807 -->
