<?xml version="1.0" encoding="UTF-8"?>
<!-- Generated by org.testng.reporters.JUnitReportReporter -->
<testsuite hostname="shah4corp" failures="0" tests="1" name="com.Practice.Selenium082024.DemoGuru150824" time="8.814" errors="0" timestamp="2024-08-22T20:29:26 IST" skipped="0">
  <testcase classname="com.Practice.Selenium082024.DemoGuru150824" name="appTest" time="8.814"/>
</testsuite> <!-- com.Practice.Selenium082024.DemoGuru150824 -->
