<?xml version="1.0" encoding="UTF-8"?>
<!-- Generated by org.testng.reporters.JUnitReportReporter -->
<testsuite hostname="shah4corp" failures="0" tests="1" name="com.Practice.Selenium072024.DemoGuru290724" time="9.852" errors="0" timestamp="2024-07-29T21:16:24 IST" skipped="0">
  <testcase classname="com.Practice.Selenium072024.DemoGuru290724" name="LoggingInToApplication" time="9.852"/>
</testsuite> <!-- com.Practice.Selenium072024.DemoGuru290724 -->
