<?xml version="1.0" encoding="UTF-8"?>
<!-- Generated by org.testng.reporters.JUnitReportReporter -->
<testsuite hostname="shah4corp" failures="0" tests="1" name="com.Practice.Selenium062024.ToolTipPractice1" time="6.432" errors="0" timestamp="2024-06-30T20:58:32 IST" skipped="0">
  <testcase classname="com.Practice.Selenium062024.ToolTipPractice1" name="validateToolTip" time="6.432"/>
</testsuite> <!-- com.Practice.Selenium062024.ToolTipPractice1 -->
