<?xml version="1.0" encoding="UTF-8"?>
<!-- Generated by org.testng.reporters.JUnitReportReporter -->
<testsuite hostname="shah4corp" failures="0" tests="1" name="com.Practice.Selenium052024.Practice28052024" time="22.654" errors="0" timestamp="2024-05-28T21:00:00 IST" skipped="0">
  <testcase classname="com.Practice.Selenium052024.Practice28052024" name="practice" time="22.654"/>
</testsuite> <!-- com.Practice.Selenium052024.Practice28052024 -->
