<?xml version="1.0" encoding="UTF-8"?>
<!-- Generated by org.testng.reporters.JUnitReportReporter -->
<testsuite hostname="shah4corp" failures="0" tests="2" name="com.Practice.Selenium072024.DemoGuru2807" time="8.559" errors="0" timestamp="2024-08-03T12:43:33 IST" skipped="0">
  <testcase classname="com.Practice.Selenium072024.DemoGuru2807" name="test" time="8.558"/>
  <testcase classname="com.Practice.Selenium072024.DemoGuru2807" name="testMethod1" time="0.001"/>
</testsuite> <!-- com.Practice.Selenium072024.DemoGuru2807 -->
