<?xml version="1.0" encoding="UTF-8"?>
<!-- Generated by org.testng.reporters.JUnitReportReporter -->
<testsuite hostname="shah4corp" failures="0" tests="1" name="com.Practice.Selenium072024.DemoGuru290724" time="16.857" errors="0" timestamp="2024-07-30T20:09:59 IST" skipped="0">
  <testcase classname="com.Practice.Selenium072024.DemoGuru290724" name="LoggingInToApplication" time="16.857"/>
</testsuite> <!-- com.Practice.Selenium072024.DemoGuru290724 -->
