<?xml version="1.0" encoding="UTF-8"?>
<!-- Generated by org.testng.reporters.JUnitReportReporter -->
<testsuite hostname="shah4corp" failures="0" tests="1" name="com.Practice.Selenium.Selenium11" time="19.530" errors="0" timestamp="2024-09-17T23:14:45 IST" skipped="0">
  <testcase classname="com.Practice.Selenium.Selenium11" name="testVWOLogin" time="19.530"/>
</testsuite> <!-- com.Practice.Selenium.Selenium11 -->
