<?xml version="1.0" encoding="UTF-8"?>
<!-- Generated by org.testng.reporters.JUnitReportReporter -->
<testsuite hostname="shah4corp" failures="0" tests="1" name="com.Practice.Selenium.Selenium03" time="10.759" errors="0" timestamp="2024-09-07T12:49:26 IST" skipped="0">
  <testcase classname="com.Practice.Selenium.Selenium03" name="testMethod" time="10.759"/>
</testsuite> <!-- com.Practice.Selenium.Selenium03 -->
