<?xml version="1.0" encoding="UTF-8"?>
<!-- Generated by org.testng.reporters.JUnitReportReporter -->
<testsuite hostname="shah4corp" failures="0" tests="1" name="com.Practice.Selenium052024.Practice26052024" time="9.150" errors="0" timestamp="2024-05-26T22:44:51 IST" skipped="0">
  <testcase classname="com.Practice.Selenium052024.Practice26052024" name="test" time="9.150"/>
</testsuite> <!-- com.Practice.Selenium052024.Practice26052024 -->
