<?xml version="1.0" encoding="UTF-8"?>
<!-- Generated by org.testng.reporters.JUnitReportReporter -->
<testsuite hostname="shah4corp" failures="0" tests="1" name="com.Practice.Selenium072024.Sun1105Demo" time="7.402" errors="0" timestamp="2024-07-21T11:38:33 IST" skipped="0">
  <testcase classname="com.Practice.Selenium072024.Sun1105Demo" name="test" time="7.402"/>
</testsuite> <!-- com.Practice.Selenium072024.Sun1105Demo -->
