<?xml version="1.0" encoding="UTF-8"?>
<!-- Generated by org.testng.reporters.JUnitReportReporter -->
<testsuite hostname="shah4corp" failures="0" tests="1" name="com.Practice.Selenium052024.Practice29052024" time="9.316" errors="0" timestamp="2024-05-29T21:38:27 IST" skipped="0">
  <testcase classname="com.Practice.Selenium052024.Practice29052024" name="practice" time="9.316"/>
</testsuite> <!-- com.Practice.Selenium052024.Practice29052024 -->
