<?xml version="1.0" encoding="UTF-8"?>
<!-- Generated by org.testng.reporters.JUnitReportReporter -->
<testsuite hostname="shah4corp" failures="0" tests="1" name="com.Practice.Selenium052024.Practice29052024" time="19.001" errors="0" timestamp="2024-05-29T22:37:49 IST" skipped="0">
  <testcase classname="com.Practice.Selenium052024.Practice29052024" name="practice" time="19.001"/>
</testsuite> <!-- com.Practice.Selenium052024.Practice29052024 -->
