<?xml version="1.0" encoding="UTF-8"?>
<!-- Generated by org.testng.reporters.JUnitReportReporter -->
<testsuite hostname="shah4corp" failures="0" tests="2" name="com.Practice.Selenium072024.DemoGuru290724" time="6.203" errors="0" timestamp="2024-08-02T23:00:59 IST" skipped="0">
  <testcase classname="com.Practice.Selenium072024.DemoGuru290724" name="LoggingInToApplication" time="6.201"/>
  <testcase classname="com.Practice.Selenium072024.DemoGuru290724" name="testMethod2" time="0.002"/>
</testsuite> <!-- com.Practice.Selenium072024.DemoGuru290724 -->
